running develop
running egg_info
writing my_car_bot.egg-info/PKG-INFO
writing dependency_links to my_car_bot.egg-info/dependency_links.txt
writing entry points to my_car_bot.egg-info/entry_points.txt
writing requirements to my_car_bot.egg-info/requires.txt
writing top-level names to my_car_bot.egg-info/top_level.txt
reading manifest file 'my_car_bot.egg-info/SOURCES.txt'
writing manifest file 'my_car_bot.egg-info/SOURCES.txt'
running build_ext
Creating /media/a-qassem/01DBC69DA6BBEB20/FCIS/ROB/task-for-everyone/Ahmed Syam/my_robot_ws/install/my_car_bot/lib/python3.12/site-packages/my-car-bot.egg-link (link to .)
Installing cmd_vel_relay script to /media/a-qassem/01DBC69DA6BBEB20/FCIS/ROB/task-for-everyone/Ahmed Syam/my_robot_ws/install/my_car_bot/lib/my_car_bot

Installed /media/a-qassem/01DBC69DA6BBEB20/FCIS/ROB/task-for-everyone/Ahmed Syam/my_robot_ws/build/my_car_bot
running symlink_data
symbolically linking /media/a-qassem/01DBC69DA6BBEB20/FCIS/ROB/task-for-everyone/Ahmed Syam/my_robot_ws/build/my_car_bot/resource/my_car_bot -> /media/a-qassem/01DBC69DA6BBEB20/FCIS/ROB/task-for-everyone/Ahmed Syam/my_robot_ws/install/my_car_bot/share/ament_index/resource_index/packages
symbolically linking /media/a-qassem/01DBC69DA6BBEB20/FCIS/ROB/task-for-everyone/Ahmed Syam/my_robot_ws/build/my_car_bot/package.xml -> /media/a-qassem/01DBC69DA6BBEB20/FCIS/ROB/task-for-everyone/Ahmed Syam/my_robot_ws/install/my_car_bot/share/my_car_bot
symbolically linking /media/a-qassem/01DBC69DA6BBEB20/FCIS/ROB/task-for-everyone/Ahmed Syam/my_robot_ws/build/my_car_bot/launch/mapping.launch.py -> /media/a-qassem/01DBC69DA6BBEB20/FCIS/ROB/task-for-everyone/Ahmed Syam/my_robot_ws/install/my_car_bot/share/my_car_bot/launch
symbolically linking /media/a-qassem/01DBC69DA6BBEB20/FCIS/ROB/task-for-everyone/Ahmed Syam/my_robot_ws/build/my_car_bot/launch/navigation.launch.py -> /media/a-qassem/01DBC69DA6BBEB20/FCIS/ROB/task-for-everyone/Ahmed Syam/my_robot_ws/install/my_car_bot/share/my_car_bot/launch
symbolically linking /media/a-qassem/01DBC69DA6BBEB20/FCIS/ROB/task-for-everyone/Ahmed Syam/my_robot_ws/build/my_car_bot/launch/sim.launch.py -> /media/a-qassem/01DBC69DA6BBEB20/FCIS/ROB/task-for-everyone/Ahmed Syam/my_robot_ws/install/my_car_bot/share/my_car_bot/launch
symbolically linking /media/a-qassem/01DBC69DA6BBEB20/FCIS/ROB/task-for-everyone/Ahmed Syam/my_robot_ws/build/my_car_bot/urdf/robot.urdf.xacro -> /media/a-qassem/01DBC69DA6BBEB20/FCIS/ROB/task-for-everyone/Ahmed Syam/my_robot_ws/install/my_car_bot/share/my_car_bot/urdf
symbolically linking /media/a-qassem/01DBC69DA6BBEB20/FCIS/ROB/task-for-everyone/Ahmed Syam/my_robot_ws/build/my_car_bot/worlds/road_with_obstacles.sdf -> /media/a-qassem/01DBC69DA6BBEB20/FCIS/ROB/task-for-everyone/Ahmed Syam/my_robot_ws/install/my_car_bot/share/my_car_bot/worlds
symbolically linking /media/a-qassem/01DBC69DA6BBEB20/FCIS/ROB/task-for-everyone/Ahmed Syam/my_robot_ws/build/my_car_bot/config/mapper_params_online_async.yaml -> /media/a-qassem/01DBC69DA6BBEB20/FCIS/ROB/task-for-everyone/Ahmed Syam/my_robot_ws/install/my_car_bot/share/my_car_bot/config
symbolically linking /media/a-qassem/01DBC69DA6BBEB20/FCIS/ROB/task-for-everyone/Ahmed Syam/my_robot_ws/build/my_car_bot/config/nav2_params.yaml -> /media/a-qassem/01DBC69DA6BBEB20/FCIS/ROB/task-for-everyone/Ahmed Syam/my_robot_ws/install/my_car_bot/share/my_car_bot/config
symbolically linking /media/a-qassem/01DBC69DA6BBEB20/FCIS/ROB/task-for-everyone/Ahmed Syam/my_robot_ws/build/my_car_bot/maps/my_map.pgm -> /media/a-qassem/01DBC69DA6BBEB20/FCIS/ROB/task-for-everyone/Ahmed Syam/my_robot_ws/install/my_car_bot/share/my_car_bot/maps
symbolically linking /media/a-qassem/01DBC69DA6BBEB20/FCIS/ROB/task-for-everyone/Ahmed Syam/my_robot_ws/build/my_car_bot/maps/my_map.yaml -> /media/a-qassem/01DBC69DA6BBEB20/FCIS/ROB/task-for-everyone/Ahmed Syam/my_robot_ws/install/my_car_bot/share/my_car_bot/maps
