running egg_info
writing ../../build/my_car_bot/my_car_bot.egg-info/PKG-INFO
writing dependency_links to ../../build/my_car_bot/my_car_bot.egg-info/dependency_links.txt
writing entry points to ../../build/my_car_bot/my_car_bot.egg-info/entry_points.txt
writing requirements to ../../build/my_car_bot/my_car_bot.egg-info/requires.txt
writing top-level names to ../../build/my_car_bot/my_car_bot.egg-info/top_level.txt
reading manifest file '../../build/my_car_bot/my_car_bot.egg-info/SOURCES.txt'
writing manifest file '../../build/my_car_bot/my_car_bot.egg-info/SOURCES.txt'
running build
running build_py
running install
running install_lib
running install_data
copying launch/sim.launch.py -> /media/a-qassem/01DBC69DA6BBEB20/FCIS/ROB/task-for-everyone/Ahmed Syam/my_robot_ws/install/my_car_bot/share/my_car_bot/launch
running install_egg_info
removing '/media/a-qassem/01DBC69DA6BBEB20/FCIS/ROB/task-for-everyone/Ahmed Syam/my_robot_ws/install/my_car_bot/lib/python3.12/site-packages/my_car_bot-0.0.0-py3.12.egg-info' (and everything under it)
Copying ../../build/my_car_bot/my_car_bot.egg-info to /media/a-qassem/01DBC69DA6BBEB20/FCIS/ROB/task-for-everyone/Ahmed Syam/my_robot_ws/install/my_car_bot/lib/python3.12/site-packages/my_car_bot-0.0.0-py3.12.egg-info
running install_scripts
Installing cmd_vel_relay script to /media/a-qassem/01DBC69DA6BBEB20/FCIS/ROB/task-for-everyone/Ahmed Syam/my_robot_ws/install/my_car_bot/lib/my_car_bot
writing list of installed files to '/media/a-qassem/01DBC69DA6BBEB20/FCIS/ROB/task-for-everyone/Ahmed Syam/my_robot_ws/build/my_car_bot/install.log'
