[0.156s] DEBUG:colcon:Command line arguments: ['/usr/bin/colcon', 'build', '--packages-select', 'my_car_bot']
[0.156s] DEBUG:colcon:Parsed command line arguments: Namespace(log_base=None, log_level=None, verb_name='build', build_base='build', install_base='install', merge_install=False, symlink_install=False, test_result_base=None, continue_on_error=False, executor='parallel', parallel_workers=4, event_handlers=None, ignore_user_meta=False, metas=['./colcon.meta'], base_paths=['.'], packages_ignore=None, packages_ignore_regex=None, paths=None, packages_up_to=None, packages_up_to_regex=None, packages_above=None, packages_above_and_dependencies=None, packages_above_depth=None, packages_select_by_dep=None, packages_skip_by_dep=None, packages_skip_up_to=None, packages_select_build_failed=False, packages_skip_build_finished=False, packages_select_test_failures=False, packages_skip_test_passed=False, packages_select=['my_car_bot'], packages_skip=None, packages_select_regex=None, packages_skip_regex=None, packages_start=None, packages_end=None, allow_overriding=[], cmake_args=None, cmake_target=None, cmake_target_skip_unavailable=False, cmake_clean_cache=False, cmake_clean_first=False, cmake_force_configure=False, ament_cmake_args=None, catkin_cmake_args=None, catkin_skip_building_tests=False, mixin_files=None, mixin=None, verb_parser=<colcon_mixin.mixin.mixin_argument.MixinArgumentDecorator object at 0x7da90c04d2e0>, verb_extension=<colcon_core.verb.build.BuildVerb object at 0x7da90bfc3ef0>, main=<bound method BuildVerb.main of <colcon_core.verb.build.BuildVerb object at 0x7da90bfc3ef0>>, mixin_verb=('build',))
[0.208s] Level 1:colcon.colcon_core.package_discovery:discover_packages(colcon_meta) check parameters
[0.208s] Level 1:colcon.colcon_core.package_discovery:discover_packages(recursive) check parameters
[0.208s] Level 1:colcon.colcon_core.package_discovery:discover_packages(ignore) check parameters
[0.208s] Level 1:colcon.colcon_core.package_discovery:discover_packages(path) check parameters
[0.208s] Level 1:colcon.colcon_core.package_discovery:discover_packages(colcon_meta) discover
[0.208s] Level 1:colcon.colcon_core.package_discovery:discover_packages(recursive) discover
[0.208s] INFO:colcon.colcon_core.package_discovery:Crawling recursively for packages in '/media/a-qassem/01DBC69DA6BBEB20/FCIS/ROB/task-for-everyone/Ahmed Syam/my_robot_ws'
[0.208s] Level 1:colcon.colcon_core.package_identification:_identify(.) by extensions ['ignore', 'ignore_ament_install']
[0.209s] Level 1:colcon.colcon_core.package_identification:_identify(.) by extension 'ignore'
[0.209s] Level 1:colcon.colcon_core.package_identification:_identify(.) by extension 'ignore_ament_install'
[0.209s] Level 1:colcon.colcon_core.package_identification:_identify(.) by extensions ['colcon_pkg']
[0.209s] Level 1:colcon.colcon_core.package_identification:_identify(.) by extension 'colcon_pkg'
[0.209s] Level 1:colcon.colcon_core.package_identification:_identify(.) by extensions ['colcon_meta']
[0.209s] Level 1:colcon.colcon_core.package_identification:_identify(.) by extension 'colcon_meta'
[0.209s] Level 1:colcon.colcon_core.package_identification:_identify(.) by extensions ['ros']
[0.209s] Level 1:colcon.colcon_core.package_identification:_identify(.) by extension 'ros'
[0.243s] Level 1:colcon.colcon_core.package_identification:_identify(.) by extensions ['cmake', 'python']
[0.243s] Level 1:colcon.colcon_core.package_identification:_identify(.) by extension 'cmake'
[0.243s] Level 1:colcon.colcon_core.package_identification:_identify(.) by extension 'python'
[0.243s] Level 1:colcon.colcon_core.package_identification:_identify(.) by extensions ['python_setup_py']
[0.243s] Level 1:colcon.colcon_core.package_identification:_identify(.) by extension 'python_setup_py'
[0.243s] Level 1:colcon.colcon_core.package_identification:_identify(build) by extensions ['ignore', 'ignore_ament_install']
[0.243s] Level 1:colcon.colcon_core.package_identification:_identify(build) by extension 'ignore'
[0.243s] Level 1:colcon.colcon_core.package_identification:_identify(build) ignored
[0.244s] Level 1:colcon.colcon_core.package_identification:_identify(install) by extensions ['ignore', 'ignore_ament_install']
[0.244s] Level 1:colcon.colcon_core.package_identification:_identify(install) by extension 'ignore'
[0.244s] Level 1:colcon.colcon_core.package_identification:_identify(install) ignored
[0.244s] Level 1:colcon.colcon_core.package_identification:_identify(log) by extensions ['ignore', 'ignore_ament_install']
[0.244s] Level 1:colcon.colcon_core.package_identification:_identify(log) by extension 'ignore'
[0.244s] Level 1:colcon.colcon_core.package_identification:_identify(log) ignored
[0.244s] Level 1:colcon.colcon_core.package_identification:_identify(src) by extensions ['ignore', 'ignore_ament_install']
[0.244s] Level 1:colcon.colcon_core.package_identification:_identify(src) by extension 'ignore'
[0.244s] Level 1:colcon.colcon_core.package_identification:_identify(src) by extension 'ignore_ament_install'
[0.244s] Level 1:colcon.colcon_core.package_identification:_identify(src) by extensions ['colcon_pkg']
[0.244s] Level 1:colcon.colcon_core.package_identification:_identify(src) by extension 'colcon_pkg'
[0.244s] Level 1:colcon.colcon_core.package_identification:_identify(src) by extensions ['colcon_meta']
[0.245s] Level 1:colcon.colcon_core.package_identification:_identify(src) by extension 'colcon_meta'
[0.245s] Level 1:colcon.colcon_core.package_identification:_identify(src) by extensions ['ros']
[0.245s] Level 1:colcon.colcon_core.package_identification:_identify(src) by extension 'ros'
[0.245s] Level 1:colcon.colcon_core.package_identification:_identify(src) by extensions ['cmake', 'python']
[0.245s] Level 1:colcon.colcon_core.package_identification:_identify(src) by extension 'cmake'
[0.245s] Level 1:colcon.colcon_core.package_identification:_identify(src) by extension 'python'
[0.245s] Level 1:colcon.colcon_core.package_identification:_identify(src) by extensions ['python_setup_py']
[0.245s] Level 1:colcon.colcon_core.package_identification:_identify(src) by extension 'python_setup_py'
[0.245s] Level 1:colcon.colcon_core.package_identification:_identify(src/my_car_bot) by extensions ['ignore', 'ignore_ament_install']
[0.245s] Level 1:colcon.colcon_core.package_identification:_identify(src/my_car_bot) by extension 'ignore'
[0.245s] Level 1:colcon.colcon_core.package_identification:_identify(src/my_car_bot) by extension 'ignore_ament_install'
[0.245s] Level 1:colcon.colcon_core.package_identification:_identify(src/my_car_bot) by extensions ['colcon_pkg']
[0.245s] Level 1:colcon.colcon_core.package_identification:_identify(src/my_car_bot) by extension 'colcon_pkg'
[0.245s] Level 1:colcon.colcon_core.package_identification:_identify(src/my_car_bot) by extensions ['colcon_meta']
[0.245s] Level 1:colcon.colcon_core.package_identification:_identify(src/my_car_bot) by extension 'colcon_meta'
[0.245s] Level 1:colcon.colcon_core.package_identification:_identify(src/my_car_bot) by extensions ['ros']
[0.245s] Level 1:colcon.colcon_core.package_identification:_identify(src/my_car_bot) by extension 'ros'
[0.249s] DEBUG:colcon.colcon_core.package_identification:Package 'src/my_car_bot' with type 'ros.ament_python' and name 'my_car_bot'
[0.249s] Level 1:colcon.colcon_core.package_discovery:discover_packages(recursive) using defaults
[0.249s] Level 1:colcon.colcon_core.package_discovery:discover_packages(ignore) discover
[0.249s] Level 1:colcon.colcon_core.package_discovery:discover_packages(ignore) using defaults
[0.249s] Level 1:colcon.colcon_core.package_discovery:discover_packages(path) discover
[0.249s] Level 1:colcon.colcon_core.package_discovery:discover_packages(path) using defaults
[0.272s] Level 1:colcon.colcon_core.package_discovery:discover_packages(prefix_path) check parameters
[0.272s] Level 1:colcon.colcon_core.package_discovery:discover_packages(prefix_path) discover
[0.274s] DEBUG:colcon.colcon_installed_package_information.package_discovery:Found 1 installed packages in /media/a-qassem/01DBC69DA6BBEB20/FCIS/ROB/task-for-everyone/Ahmed Syam/my_robot_ws/install
[0.277s] DEBUG:colcon.colcon_installed_package_information.package_discovery:Found 388 installed packages in /opt/ros/jazzy
[0.279s] Level 1:colcon.colcon_core.package_discovery:discover_packages(prefix_path) using defaults
[0.352s] Level 5:colcon.colcon_core.verb:set package 'my_car_bot' build argument 'cmake_args' from command line to 'None'
[0.352s] Level 5:colcon.colcon_core.verb:set package 'my_car_bot' build argument 'cmake_target' from command line to 'None'
[0.352s] Level 5:colcon.colcon_core.verb:set package 'my_car_bot' build argument 'cmake_target_skip_unavailable' from command line to 'False'
[0.352s] Level 5:colcon.colcon_core.verb:set package 'my_car_bot' build argument 'cmake_clean_cache' from command line to 'False'
[0.352s] Level 5:colcon.colcon_core.verb:set package 'my_car_bot' build argument 'cmake_clean_first' from command line to 'False'
[0.352s] Level 5:colcon.colcon_core.verb:set package 'my_car_bot' build argument 'cmake_force_configure' from command line to 'False'
[0.352s] Level 5:colcon.colcon_core.verb:set package 'my_car_bot' build argument 'ament_cmake_args' from command line to 'None'
[0.352s] Level 5:colcon.colcon_core.verb:set package 'my_car_bot' build argument 'catkin_cmake_args' from command line to 'None'
[0.352s] Level 5:colcon.colcon_core.verb:set package 'my_car_bot' build argument 'catkin_skip_building_tests' from command line to 'False'
[0.352s] DEBUG:colcon.colcon_core.verb:Building package 'my_car_bot' with the following arguments: {'ament_cmake_args': None, 'build_base': '/media/a-qassem/01DBC69DA6BBEB20/FCIS/ROB/task-for-everyone/Ahmed Syam/my_robot_ws/build/my_car_bot', 'catkin_cmake_args': None, 'catkin_skip_building_tests': False, 'cmake_args': None, 'cmake_clean_cache': False, 'cmake_clean_first': False, 'cmake_force_configure': False, 'cmake_target': None, 'cmake_target_skip_unavailable': False, 'install_base': '/media/a-qassem/01DBC69DA6BBEB20/FCIS/ROB/task-for-everyone/Ahmed Syam/my_robot_ws/install/my_car_bot', 'merge_install': False, 'path': '/media/a-qassem/01DBC69DA6BBEB20/FCIS/ROB/task-for-everyone/Ahmed Syam/my_robot_ws/src/my_car_bot', 'symlink_install': False, 'test_result_base': None}
[0.353s] INFO:colcon.colcon_core.executor:Executing jobs using 'parallel' executor
[0.353s] DEBUG:colcon.colcon_parallel_executor.executor.parallel:run_until_complete
[0.354s] INFO:colcon.colcon_ros.task.ament_python.build:Building ROS package in '/media/a-qassem/01DBC69DA6BBEB20/FCIS/ROB/task-for-everyone/Ahmed Syam/my_robot_ws/src/my_car_bot' with build type 'ament_python'
[0.354s] Level 1:colcon.colcon_core.shell:create_environment_hook('my_car_bot', 'ament_prefix_path')
[0.356s] INFO:colcon.colcon_core.plugin_system:Skipping extension 'colcon_core.shell.bat': Not used on non-Windows systems
[0.357s] INFO:colcon.colcon_core.shell:Creating environment hook '/media/a-qassem/01DBC69DA6BBEB20/FCIS/ROB/task-for-everyone/Ahmed Syam/my_robot_ws/install/my_car_bot/share/my_car_bot/hook/ament_prefix_path.ps1'
[0.357s] INFO:colcon.colcon_core.shell:Creating environment descriptor '/media/a-qassem/01DBC69DA6BBEB20/FCIS/ROB/task-for-everyone/Ahmed Syam/my_robot_ws/install/my_car_bot/share/my_car_bot/hook/ament_prefix_path.dsv'
[0.358s] INFO:colcon.colcon_core.shell:Creating environment hook '/media/a-qassem/01DBC69DA6BBEB20/FCIS/ROB/task-for-everyone/Ahmed Syam/my_robot_ws/install/my_car_bot/share/my_car_bot/hook/ament_prefix_path.sh'
[0.359s] INFO:colcon.colcon_core.shell:Skip shell extension 'powershell' for command environment: Not usable outside of PowerShell
[0.359s] DEBUG:colcon.colcon_core.shell:Skip shell extension 'dsv' for command environment
[0.707s] INFO:colcon.colcon_core.task.python.build:Building Python package in '/media/a-qassem/01DBC69DA6BBEB20/FCIS/ROB/task-for-everyone/Ahmed Syam/my_robot_ws/src/my_car_bot'
[0.707s] INFO:colcon.colcon_core.shell:Skip shell extension 'powershell' for command environment: Not usable outside of PowerShell
[0.707s] DEBUG:colcon.colcon_core.shell:Skip shell extension 'dsv' for command environment
[1.656s] DEBUG:colcon.colcon_core.event_handler.log_command:Invoking command in '/media/a-qassem/01DBC69DA6BBEB20/FCIS/ROB/task-for-everyone/Ahmed Syam/my_robot_ws/src/my_car_bot': DEBUGINFOD_URLS=https://debuginfod.ubuntu.com PYTHONPATH=/media/a-qassem/01DBC69DA6BBEB20/FCIS/ROB/task-for-everyone/Ahmed Syam/my_robot_ws/build/my_car_bot/prefix_override:/usr/lib/python3/dist-packages/colcon_core/task/python/colcon_distutils_commands:/media/a-qassem/01DBC69DA6BBEB20/FCIS/ROB/task-for-everyone/Ahmed Syam/my_robot_ws/install/my_car_bot/lib/python3.12/site-packages:${PYTHONPATH} /usr/bin/python3 -W ignore:setup.py install is deprecated -W ignore:easy_install command is deprecated setup.py egg_info --egg-base ../../build/my_car_bot build --build-base /media/a-qassem/01DBC69DA6BBEB20/FCIS/ROB/task-for-everyone/Ahmed Syam/my_robot_ws/build/my_car_bot/build install --record /media/a-qassem/01DBC69DA6BBEB20/FCIS/ROB/task-for-everyone/Ahmed Syam/my_robot_ws/build/my_car_bot/install.log --single-version-externally-managed install_data
[2.517s] DEBUG:colcon.colcon_core.event_handler.log_command:Invoked command in '/media/a-qassem/01DBC69DA6BBEB20/FCIS/ROB/task-for-everyone/Ahmed Syam/my_robot_ws/src/my_car_bot' returned '0': DEBUGINFOD_URLS=https://debuginfod.ubuntu.com PYTHONPATH=/media/a-qassem/01DBC69DA6BBEB20/FCIS/ROB/task-for-everyone/Ahmed Syam/my_robot_ws/build/my_car_bot/prefix_override:/usr/lib/python3/dist-packages/colcon_core/task/python/colcon_distutils_commands:/media/a-qassem/01DBC69DA6BBEB20/FCIS/ROB/task-for-everyone/Ahmed Syam/my_robot_ws/install/my_car_bot/lib/python3.12/site-packages:${PYTHONPATH} /usr/bin/python3 -W ignore:setup.py install is deprecated -W ignore:easy_install command is deprecated setup.py egg_info --egg-base ../../build/my_car_bot build --build-base /media/a-qassem/01DBC69DA6BBEB20/FCIS/ROB/task-for-everyone/Ahmed Syam/my_robot_ws/build/my_car_bot/build install --record /media/a-qassem/01DBC69DA6BBEB20/FCIS/ROB/task-for-everyone/Ahmed Syam/my_robot_ws/build/my_car_bot/install.log --single-version-externally-managed install_data
[2.519s] Level 1:colcon.colcon_core.environment:checking '/media/a-qassem/01DBC69DA6BBEB20/FCIS/ROB/task-for-everyone/Ahmed Syam/my_robot_ws/install/my_car_bot' for CMake module files
[2.520s] Level 1:colcon.colcon_core.environment:checking '/media/a-qassem/01DBC69DA6BBEB20/FCIS/ROB/task-for-everyone/Ahmed Syam/my_robot_ws/install/my_car_bot' for CMake config files
[2.521s] Level 1:colcon.colcon_core.environment:checking '/media/a-qassem/01DBC69DA6BBEB20/FCIS/ROB/task-for-everyone/Ahmed Syam/my_robot_ws/install/my_car_bot/lib'
[2.521s] Level 1:colcon.colcon_core.environment:checking '/media/a-qassem/01DBC69DA6BBEB20/FCIS/ROB/task-for-everyone/Ahmed Syam/my_robot_ws/install/my_car_bot/bin'
[2.521s] Level 1:colcon.colcon_core.environment:checking '/media/a-qassem/01DBC69DA6BBEB20/FCIS/ROB/task-for-everyone/Ahmed Syam/my_robot_ws/install/my_car_bot/lib/pkgconfig/my_car_bot.pc'
[2.522s] Level 1:colcon.colcon_core.environment:checking '/media/a-qassem/01DBC69DA6BBEB20/FCIS/ROB/task-for-everyone/Ahmed Syam/my_robot_ws/install/my_car_bot/lib/python3.12/site-packages'
[2.522s] Level 1:colcon.colcon_core.shell:create_environment_hook('my_car_bot', 'pythonpath')
[2.522s] INFO:colcon.colcon_core.shell:Creating environment hook '/media/a-qassem/01DBC69DA6BBEB20/FCIS/ROB/task-for-everyone/Ahmed Syam/my_robot_ws/install/my_car_bot/share/my_car_bot/hook/pythonpath.ps1'
[2.524s] INFO:colcon.colcon_core.shell:Creating environment descriptor '/media/a-qassem/01DBC69DA6BBEB20/FCIS/ROB/task-for-everyone/Ahmed Syam/my_robot_ws/install/my_car_bot/share/my_car_bot/hook/pythonpath.dsv'
[2.524s] INFO:colcon.colcon_core.shell:Creating environment hook '/media/a-qassem/01DBC69DA6BBEB20/FCIS/ROB/task-for-everyone/Ahmed Syam/my_robot_ws/install/my_car_bot/share/my_car_bot/hook/pythonpath.sh'
[2.525s] Level 1:colcon.colcon_core.environment:checking '/media/a-qassem/01DBC69DA6BBEB20/FCIS/ROB/task-for-everyone/Ahmed Syam/my_robot_ws/install/my_car_bot/bin'
[2.525s] Level 1:colcon.colcon_core.environment:create_environment_scripts_only(my_car_bot)
[2.526s] INFO:colcon.colcon_core.shell:Creating package script '/media/a-qassem/01DBC69DA6BBEB20/FCIS/ROB/task-for-everyone/Ahmed Syam/my_robot_ws/install/my_car_bot/share/my_car_bot/package.ps1'
[2.528s] INFO:colcon.colcon_core.shell:Creating package descriptor '/media/a-qassem/01DBC69DA6BBEB20/FCIS/ROB/task-for-everyone/Ahmed Syam/my_robot_ws/install/my_car_bot/share/my_car_bot/package.dsv'
[2.529s] INFO:colcon.colcon_core.shell:Creating package script '/media/a-qassem/01DBC69DA6BBEB20/FCIS/ROB/task-for-everyone/Ahmed Syam/my_robot_ws/install/my_car_bot/share/my_car_bot/package.sh'
[2.530s] INFO:colcon.colcon_core.shell:Creating package script '/media/a-qassem/01DBC69DA6BBEB20/FCIS/ROB/task-for-everyone/Ahmed Syam/my_robot_ws/install/my_car_bot/share/my_car_bot/package.bash'
[2.531s] INFO:colcon.colcon_core.shell:Creating package script '/media/a-qassem/01DBC69DA6BBEB20/FCIS/ROB/task-for-everyone/Ahmed Syam/my_robot_ws/install/my_car_bot/share/my_car_bot/package.zsh'
[2.532s] Level 1:colcon.colcon_core.environment:create_file_with_runtime_dependencies(/media/a-qassem/01DBC69DA6BBEB20/FCIS/ROB/task-for-everyone/Ahmed Syam/my_robot_ws/install/my_car_bot/share/colcon-core/packages/my_car_bot)
[2.532s] DEBUG:colcon.colcon_parallel_executor.executor.parallel:closing loop
[2.533s] DEBUG:colcon.colcon_parallel_executor.executor.parallel:loop closed
[2.533s] DEBUG:colcon.colcon_parallel_executor.executor.parallel:run_until_complete finished with '0'
[2.533s] DEBUG:colcon.colcon_core.event_reactor:joining thread
[2.540s] INFO:colcon.colcon_core.plugin_system:Skipping extension 'colcon_notification.desktop_notification.terminal_notifier': Not used on non-Darwin systems
[2.540s] INFO:colcon.colcon_core.plugin_system:Skipping extension 'colcon_notification.desktop_notification.win32': Not used on non-Windows systems
[2.540s] INFO:colcon.colcon_notification.desktop_notification:Sending desktop notification using 'notify2'
[2.552s] DEBUG:colcon.colcon_core.event_reactor:joined thread
[2.552s] INFO:colcon.colcon_core.shell:Creating prefix script '/media/a-qassem/01DBC69DA6BBEB20/FCIS/ROB/task-for-everyone/Ahmed Syam/my_robot_ws/install/local_setup.ps1'
[2.553s] INFO:colcon.colcon_core.shell:Creating prefix util module '/media/a-qassem/01DBC69DA6BBEB20/FCIS/ROB/task-for-everyone/Ahmed Syam/my_robot_ws/install/_local_setup_util_ps1.py'
[2.555s] INFO:colcon.colcon_core.shell:Creating prefix chain script '/media/a-qassem/01DBC69DA6BBEB20/FCIS/ROB/task-for-everyone/Ahmed Syam/my_robot_ws/install/setup.ps1'
[2.556s] INFO:colcon.colcon_core.shell:Creating prefix script '/media/a-qassem/01DBC69DA6BBEB20/FCIS/ROB/task-for-everyone/Ahmed Syam/my_robot_ws/install/local_setup.sh'
[2.557s] INFO:colcon.colcon_core.shell:Creating prefix util module '/media/a-qassem/01DBC69DA6BBEB20/FCIS/ROB/task-for-everyone/Ahmed Syam/my_robot_ws/install/_local_setup_util_sh.py'
[2.558s] INFO:colcon.colcon_core.shell:Creating prefix chain script '/media/a-qassem/01DBC69DA6BBEB20/FCIS/ROB/task-for-everyone/Ahmed Syam/my_robot_ws/install/setup.sh'
[2.559s] INFO:colcon.colcon_core.shell:Creating prefix script '/media/a-qassem/01DBC69DA6BBEB20/FCIS/ROB/task-for-everyone/Ahmed Syam/my_robot_ws/install/local_setup.bash'
[2.559s] INFO:colcon.colcon_core.shell:Creating prefix chain script '/media/a-qassem/01DBC69DA6BBEB20/FCIS/ROB/task-for-everyone/Ahmed Syam/my_robot_ws/install/setup.bash'
[2.561s] INFO:colcon.colcon_core.shell:Creating prefix script '/media/a-qassem/01DBC69DA6BBEB20/FCIS/ROB/task-for-everyone/Ahmed Syam/my_robot_ws/install/local_setup.zsh'
[2.561s] INFO:colcon.colcon_core.shell:Creating prefix chain script '/media/a-qassem/01DBC69DA6BBEB20/FCIS/ROB/task-for-everyone/Ahmed Syam/my_robot_ws/install/setup.zsh'
