/media/a-qassem/01DBC69DA6BBEB20/FCIS/ROB/task-for-everyone/Ahmed Syam/my_robot_ws/install/my_car_bot/lib/python3.12/site-packages/my_car_bot/cmd_vel_relay.py
/media/a-qassem/01DBC69DA6BBEB20/FCIS/ROB/task-for-everyone/Ahmed Syam/my_robot_ws/install/my_car_bot/lib/python3.12/site-packages/my_car_bot/__init__.py
/media/a-qassem/01DBC69DA6BBEB20/FCIS/ROB/task-for-everyone/Ahmed Syam/my_robot_ws/install/my_car_bot/lib/python3.12/site-packages/my_car_bot/__pycache__/cmd_vel_relay.cpython-312.pyc
/media/a-qassem/01DBC69DA6BBEB20/FCIS/ROB/task-for-everyone/Ahmed Syam/my_robot_ws/install/my_car_bot/lib/python3.12/site-packages/my_car_bot/__pycache__/__init__.cpython-312.pyc
/media/a-qassem/01DBC69DA6BBEB20/FCIS/ROB/task-for-everyone/Ahmed Syam/my_robot_ws/install/my_car_bot/share/ament_index/resource_index/packages/my_car_bot
/media/a-qassem/01DBC69DA6BBEB20/FCIS/ROB/task-for-everyone/Ahmed Syam/my_robot_ws/install/my_car_bot/share/my_car_bot/package.xml
/media/a-qassem/01DBC69DA6BBEB20/FCIS/ROB/task-for-everyone/Ahmed Syam/my_robot_ws/install/my_car_bot/share/my_car_bot/launch/mapping.launch.py
/media/a-qassem/01DBC69DA6BBEB20/FCIS/ROB/task-for-everyone/Ahmed Syam/my_robot_ws/install/my_car_bot/share/my_car_bot/launch/navigation.launch.py
/media/a-qassem/01DBC69DA6BBEB20/FCIS/ROB/task-for-everyone/Ahmed Syam/my_robot_ws/install/my_car_bot/share/my_car_bot/launch/sim.launch.py
/media/a-qassem/01DBC69DA6BBEB20/FCIS/ROB/task-for-everyone/Ahmed Syam/my_robot_ws/install/my_car_bot/share/my_car_bot/urdf/robot.urdf.xacro
/media/a-qassem/01DBC69DA6BBEB20/FCIS/ROB/task-for-everyone/Ahmed Syam/my_robot_ws/install/my_car_bot/share/my_car_bot/worlds/road_with_obstacles.sdf
/media/a-qassem/01DBC69DA6BBEB20/FCIS/ROB/task-for-everyone/Ahmed Syam/my_robot_ws/install/my_car_bot/share/my_car_bot/config/mapper_params_online_async.yaml
/media/a-qassem/01DBC69DA6BBEB20/FCIS/ROB/task-for-everyone/Ahmed Syam/my_robot_ws/install/my_car_bot/share/my_car_bot/config/nav2_params.yaml
/media/a-qassem/01DBC69DA6BBEB20/FCIS/ROB/task-for-everyone/Ahmed Syam/my_robot_ws/install/my_car_bot/share/my_car_bot/maps/my_map.pgm
/media/a-qassem/01DBC69DA6BBEB20/FCIS/ROB/task-for-everyone/Ahmed Syam/my_robot_ws/install/my_car_bot/share/my_car_bot/maps/my_map.yaml
/media/a-qassem/01DBC69DA6BBEB20/FCIS/ROB/task-for-everyone/Ahmed Syam/my_robot_ws/install/my_car_bot/lib/python3.12/site-packages/my_car_bot-0.0.0-py3.12.egg-info/dependency_links.txt
/media/a-qassem/01DBC69DA6BBEB20/FCIS/ROB/task-for-everyone/Ahmed Syam/my_robot_ws/install/my_car_bot/lib/python3.12/site-packages/my_car_bot-0.0.0-py3.12.egg-info/entry_points.txt
/media/a-qassem/01DBC69DA6BBEB20/FCIS/ROB/task-for-everyone/Ahmed Syam/my_robot_ws/install/my_car_bot/lib/python3.12/site-packages/my_car_bot-0.0.0-py3.12.egg-info/PKG-INFO
/media/a-qassem/01DBC69DA6BBEB20/FCIS/ROB/task-for-everyone/Ahmed Syam/my_robot_ws/install/my_car_bot/lib/python3.12/site-packages/my_car_bot-0.0.0-py3.12.egg-info/requires.txt
/media/a-qassem/01DBC69DA6BBEB20/FCIS/ROB/task-for-everyone/Ahmed Syam/my_robot_ws/install/my_car_bot/lib/python3.12/site-packages/my_car_bot-0.0.0-py3.12.egg-info/SOURCES.txt
/media/a-qassem/01DBC69DA6BBEB20/FCIS/ROB/task-for-everyone/Ahmed Syam/my_robot_ws/install/my_car_bot/lib/python3.12/site-packages/my_car_bot-0.0.0-py3.12.egg-info/top_level.txt
/media/a-qassem/01DBC69DA6BBEB20/FCIS/ROB/task-for-everyone/Ahmed Syam/my_robot_ws/install/my_car_bot/lib/python3.12/site-packages/my_car_bot-0.0.0-py3.12.egg-info/zip-safe
/media/a-qassem/01DBC69DA6BBEB20/FCIS/ROB/task-for-everyone/Ahmed Syam/my_robot_ws/install/my_car_bot/lib/my_car_bot/cmd_vel_relay
