running develop
running egg_info
creating my_car_bot.egg-info
writing my_car_bot.egg-info/PKG-INFO
writing dependency_links to my_car_bot.egg-info/dependency_links.txt
writing requirements to my_car_bot.egg-info/requires.txt
writing top-level names to my_car_bot.egg-info/top_level.txt
writing manifest file 'my_car_bot.egg-info/SOURCES.txt'
reading manifest file 'my_car_bot.egg-info/SOURCES.txt'
writing manifest file 'my_car_bot.egg-info/SOURCES.txt'
running build_ext
Creating /media/a-qassem/01DBC69DA6BBEB20/FCIS/ROB/test/my_robot_ws/install/my_car_bot/lib/python3.12/site-packages/my-car-bot.egg-link (link to .)

Installed /media/a-qassem/01DBC69DA6BBEB20/FCIS/ROB/test/my_robot_ws/build/my_car_bot
running symlink_data
creating /media/a-qassem/01DBC69DA6BBEB20/FCIS/ROB/test/my_robot_ws/install/my_car_bot/share/ament_index
creating /media/a-qassem/01DBC69DA6BBEB20/FCIS/ROB/test/my_robot_ws/install/my_car_bot/share/ament_index/resource_index
creating /media/a-qassem/01DBC69DA6BBEB20/FCIS/ROB/test/my_robot_ws/install/my_car_bot/share/ament_index/resource_index/packages
symbolically linking /media/a-qassem/01DBC69DA6BBEB20/FCIS/ROB/test/my_robot_ws/build/my_car_bot/resource/my_car_bot -> /media/a-qassem/01DBC69DA6BBEB20/FCIS/ROB/test/my_robot_ws/install/my_car_bot/share/ament_index/resource_index/packages
symbolically linking /media/a-qassem/01DBC69DA6BBEB20/FCIS/ROB/test/my_robot_ws/build/my_car_bot/package.xml -> /media/a-qassem/01DBC69DA6BBEB20/FCIS/ROB/test/my_robot_ws/install/my_car_bot/share/my_car_bot
creating /media/a-qassem/01DBC69DA6BBEB20/FCIS/ROB/test/my_robot_ws/install/my_car_bot/share/my_car_bot/launch
symbolically linking /media/a-qassem/01DBC69DA6BBEB20/FCIS/ROB/test/my_robot_ws/build/my_car_bot/launch/mapping.launch.py -> /media/a-qassem/01DBC69DA6BBEB20/FCIS/ROB/test/my_robot_ws/install/my_car_bot/share/my_car_bot/launch
symbolically linking /media/a-qassem/01DBC69DA6BBEB20/FCIS/ROB/test/my_robot_ws/build/my_car_bot/launch/sim.launch.py -> /media/a-qassem/01DBC69DA6BBEB20/FCIS/ROB/test/my_robot_ws/install/my_car_bot/share/my_car_bot/launch
creating /media/a-qassem/01DBC69DA6BBEB20/FCIS/ROB/test/my_robot_ws/install/my_car_bot/share/my_car_bot/urdf
symbolically linking /media/a-qassem/01DBC69DA6BBEB20/FCIS/ROB/test/my_robot_ws/build/my_car_bot/urdf/robot.urdf.xacro -> /media/a-qassem/01DBC69DA6BBEB20/FCIS/ROB/test/my_robot_ws/install/my_car_bot/share/my_car_bot/urdf
creating /media/a-qassem/01DBC69DA6BBEB20/FCIS/ROB/test/my_robot_ws/install/my_car_bot/share/my_car_bot/worlds
symbolically linking /media/a-qassem/01DBC69DA6BBEB20/FCIS/ROB/test/my_robot_ws/build/my_car_bot/worlds/road_with_obstacles.sdf -> /media/a-qassem/01DBC69DA6BBEB20/FCIS/ROB/test/my_robot_ws/install/my_car_bot/share/my_car_bot/worlds
creating /media/a-qassem/01DBC69DA6BBEB20/FCIS/ROB/test/my_robot_ws/install/my_car_bot/share/my_car_bot/config
symbolically linking /media/a-qassem/01DBC69DA6BBEB20/FCIS/ROB/test/my_robot_ws/build/my_car_bot/config/mapper_params_online_async.yaml -> /media/a-qassem/01DBC69DA6BBEB20/FCIS/ROB/test/my_robot_ws/install/my_car_bot/share/my_car_bot/config
