[1.217s] Invoking command in '/media/a-qassem/01DBC69DA6BBEB20/FCIS/ROB/test/my_robot_ws/build/my_car_bot': DEBUGINFOD_URLS=https://debuginfod.ubuntu.com PYTHONPATH=/media/a-qassem/01DBC69DA6BBEB20/FCIS/ROB/test/my_robot_ws/build/my_car_bot/prefix_override:/usr/lib/python3/dist-packages/colcon_core/task/python/colcon_distutils_commands:/media/a-qassem/01DBC69DA6BBEB20/FCIS/ROB/test/my_robot_ws/install/my_car_bot/lib/python3.12/site-packages:${PYTHONPATH} /usr/bin/python3 -W ignore:setup.py install is deprecated -W ignore:easy_install command is deprecated setup.py develop --editable --build-directory /media/a-qassem/01DBC69DA6BBEB20/FCIS/ROB/test/my_robot_ws/build/my_car_bot/build --no-deps symlink_data
[1.838s] running develop
[2.165s] running egg_info
[2.166s] creating my_car_bot.egg-info
[2.194s] writing my_car_bot.egg-info/PKG-INFO
[2.195s] writing dependency_links to my_car_bot.egg-info/dependency_links.txt
[2.195s] writing requirements to my_car_bot.egg-info/requires.txt
[2.195s] writing top-level names to my_car_bot.egg-info/top_level.txt
[2.195s] writing manifest file 'my_car_bot.egg-info/SOURCES.txt'
[2.254s] reading manifest file 'my_car_bot.egg-info/SOURCES.txt'
[2.256s] writing manifest file 'my_car_bot.egg-info/SOURCES.txt'
[2.287s] running build_ext
[2.287s] Creating /media/a-qassem/01DBC69DA6BBEB20/FCIS/ROB/test/my_robot_ws/install/my_car_bot/lib/python3.12/site-packages/my-car-bot.egg-link (link to .)
[2.287s] 
[2.288s] Installed /media/a-qassem/01DBC69DA6BBEB20/FCIS/ROB/test/my_robot_ws/build/my_car_bot
[2.288s] running symlink_data
[2.288s] creating /media/a-qassem/01DBC69DA6BBEB20/FCIS/ROB/test/my_robot_ws/install/my_car_bot/share/ament_index
[2.288s] creating /media/a-qassem/01DBC69DA6BBEB20/FCIS/ROB/test/my_robot_ws/install/my_car_bot/share/ament_index/resource_index
[2.288s] creating /media/a-qassem/01DBC69DA6BBEB20/FCIS/ROB/test/my_robot_ws/install/my_car_bot/share/ament_index/resource_index/packages
[2.288s] symbolically linking /media/a-qassem/01DBC69DA6BBEB20/FCIS/ROB/test/my_robot_ws/build/my_car_bot/resource/my_car_bot -> /media/a-qassem/01DBC69DA6BBEB20/FCIS/ROB/test/my_robot_ws/install/my_car_bot/share/ament_index/resource_index/packages
[2.289s] symbolically linking /media/a-qassem/01DBC69DA6BBEB20/FCIS/ROB/test/my_robot_ws/build/my_car_bot/package.xml -> /media/a-qassem/01DBC69DA6BBEB20/FCIS/ROB/test/my_robot_ws/install/my_car_bot/share/my_car_bot
[2.289s] creating /media/a-qassem/01DBC69DA6BBEB20/FCIS/ROB/test/my_robot_ws/install/my_car_bot/share/my_car_bot/launch
[2.289s] symbolically linking /media/a-qassem/01DBC69DA6BBEB20/FCIS/ROB/test/my_robot_ws/build/my_car_bot/launch/mapping.launch.py -> /media/a-qassem/01DBC69DA6BBEB20/FCIS/ROB/test/my_robot_ws/install/my_car_bot/share/my_car_bot/launch
[2.289s] symbolically linking /media/a-qassem/01DBC69DA6BBEB20/FCIS/ROB/test/my_robot_ws/build/my_car_bot/launch/sim.launch.py -> /media/a-qassem/01DBC69DA6BBEB20/FCIS/ROB/test/my_robot_ws/install/my_car_bot/share/my_car_bot/launch
[2.289s] creating /media/a-qassem/01DBC69DA6BBEB20/FCIS/ROB/test/my_robot_ws/install/my_car_bot/share/my_car_bot/urdf
[2.289s] symbolically linking /media/a-qassem/01DBC69DA6BBEB20/FCIS/ROB/test/my_robot_ws/build/my_car_bot/urdf/robot.urdf.xacro -> /media/a-qassem/01DBC69DA6BBEB20/FCIS/ROB/test/my_robot_ws/install/my_car_bot/share/my_car_bot/urdf
[2.289s] creating /media/a-qassem/01DBC69DA6BBEB20/FCIS/ROB/test/my_robot_ws/install/my_car_bot/share/my_car_bot/worlds
[2.289s] symbolically linking /media/a-qassem/01DBC69DA6BBEB20/FCIS/ROB/test/my_robot_ws/build/my_car_bot/worlds/road_with_obstacles.sdf -> /media/a-qassem/01DBC69DA6BBEB20/FCIS/ROB/test/my_robot_ws/install/my_car_bot/share/my_car_bot/worlds
[2.291s] creating /media/a-qassem/01DBC69DA6BBEB20/FCIS/ROB/test/my_robot_ws/install/my_car_bot/share/my_car_bot/config
[2.291s] symbolically linking /media/a-qassem/01DBC69DA6BBEB20/FCIS/ROB/test/my_robot_ws/build/my_car_bot/config/mapper_params_online_async.yaml -> /media/a-qassem/01DBC69DA6BBEB20/FCIS/ROB/test/my_robot_ws/install/my_car_bot/share/my_car_bot/config
[2.337s] Invoked command in '/media/a-qassem/01DBC69DA6BBEB20/FCIS/ROB/test/my_robot_ws/build/my_car_bot' returned '0': DEBUGINFOD_URLS=https://debuginfod.ubuntu.com PYTHONPATH=/media/a-qassem/01DBC69DA6BBEB20/FCIS/ROB/test/my_robot_ws/build/my_car_bot/prefix_override:/usr/lib/python3/dist-packages/colcon_core/task/python/colcon_distutils_commands:/media/a-qassem/01DBC69DA6BBEB20/FCIS/ROB/test/my_robot_ws/install/my_car_bot/lib/python3.12/site-packages:${PYTHONPATH} /usr/bin/python3 -W ignore:setup.py install is deprecated -W ignore:easy_install command is deprecated setup.py develop --editable --build-directory /media/a-qassem/01DBC69DA6BBEB20/FCIS/ROB/test/my_robot_ws/build/my_car_bot/build --no-deps symlink_data
